<?xml version="1.0" encoding="UTF-8"?>
<coverage generated="1529671035">
  <project timestamp="1529671035">
    <package name="App\Console">
      <file name="/Users/ealen/Documents/Projets/Github/Cotama-API/app/Console/Kernel.php">
        <class name="App\Console\Kernel" namespace="App\Console">
          <metrics complexity="2" methods="2" coveredmethods="2" conditionals="0" coveredconditionals="0" statements="3" coveredstatements="3" elements="5" coveredelements="5"/>
        </class>
        <line num="25" type="method" name="schedule" visibility="protected" complexity="1" crap="1" count="49"/>
        <line num="29" type="stmt" count="49"/>
        <line num="36" type="method" name="commands" visibility="protected" complexity="1" crap="1" count="49"/>
        <line num="38" type="stmt" count="49"/>
        <line num="39" type="stmt" count="49"/>
        <metrics loc="40" ncloc="18" classes="1" methods="2" coveredmethods="2" conditionals="0" coveredconditionals="0" statements="3" coveredstatements="3" elements="5" coveredelements="5"/>
      </file>
    </package>
    <package name="App\Events">
      <file name="/Users/ealen/Documents/Projets/Github/Cotama-API/app/Events/FoyerUserDelete.php">
        <class name="App\Events\FoyerUserDelete" namespace="App\Events">
          <metrics complexity="3" methods="3" coveredmethods="3" conditionals="0" coveredconditionals="0" statements="5" coveredstatements="5" elements="8" coveredelements="8"/>
        </class>
        <line num="23" type="method" name="__construct" visibility="public" complexity="1" crap="1" count="5"/>
        <line num="25" type="stmt" count="5"/>
        <line num="26" type="stmt" count="5"/>
        <line num="27" type="stmt" count="5"/>
        <line num="32" type="method" name="getFoyer" visibility="public" complexity="1" crap="1" count="5"/>
        <line num="33" type="stmt" count="5"/>
        <line num="39" type="method" name="getUser" visibility="public" complexity="1" crap="1" count="5"/>
        <line num="40" type="stmt" count="5"/>
        <metrics loc="42" ncloc="31" classes="1" methods="3" coveredmethods="3" conditionals="0" coveredconditionals="0" statements="5" coveredstatements="5" elements="8" coveredelements="8"/>
      </file>
      <file name="/Users/ealen/Documents/Projets/Github/Cotama-API/app/Events/FoyerUserJoin.php">
        <class name="App\Events\FoyerUserJoin" namespace="App\Events">
          <metrics complexity="3" methods="3" coveredmethods="3" conditionals="0" coveredconditionals="0" statements="5" coveredstatements="5" elements="8" coveredelements="8"/>
        </class>
        <line num="23" type="method" name="__construct" visibility="public" complexity="1" crap="1" count="10"/>
        <line num="25" type="stmt" count="10"/>
        <line num="26" type="stmt" count="10"/>
        <line num="27" type="stmt" count="10"/>
        <line num="32" type="method" name="getFoyer" visibility="public" complexity="1" crap="1" count="10"/>
        <line num="33" type="stmt" count="10"/>
        <line num="39" type="method" name="getUser" visibility="public" complexity="1" crap="1" count="10"/>
        <line num="40" type="stmt" count="10"/>
        <metrics loc="42" ncloc="31" classes="1" methods="3" coveredmethods="3" conditionals="0" coveredconditionals="0" statements="5" coveredstatements="5" elements="8" coveredelements="8"/>
      </file>
      <file name="/Users/ealen/Documents/Projets/Github/Cotama-API/app/Events/FoyerWasCreated.php">
        <class name="App\Events\FoyerWasCreated" namespace="App\Events">
          <metrics complexity="3" methods="3" coveredmethods="3" conditionals="0" coveredconditionals="0" statements="5" coveredstatements="5" elements="8" coveredelements="8"/>
        </class>
        <line num="23" type="method" name="__construct" visibility="public" complexity="1" crap="1" count="22"/>
        <line num="25" type="stmt" count="22"/>
        <line num="26" type="stmt" count="22"/>
        <line num="27" type="stmt" count="22"/>
        <line num="32" type="method" name="getFoyer" visibility="public" complexity="1" crap="1" count="22"/>
        <line num="33" type="stmt" count="22"/>
        <line num="39" type="method" name="getUser" visibility="public" complexity="1" crap="1" count="22"/>
        <line num="40" type="stmt" count="22"/>
        <metrics loc="42" ncloc="31" classes="1" methods="3" coveredmethods="3" conditionals="0" coveredconditionals="0" statements="5" coveredstatements="5" elements="8" coveredelements="8"/>
      </file>
    </package>
    <package name="App\Exceptions">
      <file name="/Users/ealen/Documents/Projets/Github/Cotama-API/app/Exceptions/Handler.php">
        <class name="App\Exceptions\Handler" namespace="App\Exceptions">
          <metrics complexity="3" methods="3" coveredmethods="3" conditionals="0" coveredconditionals="0" statements="4" coveredstatements="4" elements="7" coveredelements="7"/>
        </class>
        <line num="33" type="method" name="report" visibility="public" complexity="1" crap="1" count="14"/>
        <line num="35" type="stmt" count="14"/>
        <line num="36" type="stmt" count="14"/>
        <line num="45" type="method" name="render" visibility="public" complexity="1" crap="1" count="14"/>
        <line num="47" type="stmt" count="14"/>
        <line num="57" type="method" name="unauthenticated" visibility="protected" complexity="1" crap="1" count="4"/>
        <line num="59" type="stmt" count="4"/>
        <metrics loc="61" ncloc="34" classes="1" methods="3" coveredmethods="3" conditionals="0" coveredconditionals="0" statements="4" coveredstatements="4" elements="7" coveredelements="7"/>
      </file>
    </package>
    <package name="App\Facades">
      <file name="/Users/ealen/Documents/Projets/Github/Cotama-API/app/Facades/FoyerFacade.php">
        <class name="App\Facades\FoyerFacade" namespace="App\Facades">
          <metrics complexity="1" methods="0" coveredmethods="0" conditionals="0" coveredconditionals="0" statements="0" coveredstatements="0" elements="0" coveredelements="0"/>
        </class>
        <metrics loc="7" ncloc="7" classes="0" methods="0" coveredmethods="0" conditionals="0" coveredconditionals="0" statements="0" coveredstatements="0" elements="0" coveredelements="0"/>
      </file>
      <file name="/Users/ealen/Documents/Projets/Github/Cotama-API/app/Facades/HouseworkFacade.php">
        <class name="App\Facades\HouseworkFacade" namespace="App\Facades">
          <metrics complexity="1" methods="0" coveredmethods="0" conditionals="0" coveredconditionals="0" statements="0" coveredstatements="0" elements="0" coveredelements="0"/>
        </class>
        <metrics loc="9" ncloc="9" classes="0" methods="0" coveredmethods="0" conditionals="0" coveredconditionals="0" statements="0" coveredstatements="0" elements="0" coveredelements="0"/>
      </file>
      <file name="/Users/ealen/Documents/Projets/Github/Cotama-API/app/Facades/MissionFacade.php">
        <class name="App\Facades\MissionFacade" namespace="App\Facades">
          <metrics complexity="1" methods="0" coveredmethods="0" conditionals="0" coveredconditionals="0" statements="0" coveredstatements="0" elements="0" coveredelements="0"/>
        </class>
        <metrics loc="9" ncloc="9" classes="0" methods="0" coveredmethods="0" conditionals="0" coveredconditionals="0" statements="0" coveredstatements="0" elements="0" coveredelements="0"/>
      </file>
      <file name="/Users/ealen/Documents/Projets/Github/Cotama-API/app/Facades/PrefsFacade.php">
        <class name="App\Facades\PrefsFacade" namespace="App\Facades">
          <metrics complexity="1" methods="0" coveredmethods="0" conditionals="0" coveredconditionals="0" statements="0" coveredstatements="0" elements="0" coveredelements="0"/>
        </class>
        <metrics loc="7" ncloc="7" classes="0" methods="0" coveredmethods="0" conditionals="0" coveredconditionals="0" statements="0" coveredstatements="0" elements="0" coveredelements="0"/>
      </file>
    </package>
    <package name="App\Helpers">
      <file name="/Users/ealen/Documents/Projets/Github/Cotama-API/app/Helpers/Asset.php">
        <class name="App\Helpers\Asset" namespace="App\Helpers">
          <metrics complexity="5" methods="2" coveredmethods="0" conditionals="0" coveredconditionals="0" statements="9" coveredstatements="0" elements="11" coveredelements="0"/>
        </class>
        <line num="9" type="method" name="path" visibility="public" complexity="4" crap="20.00" count="0"/>
        <line num="11" type="stmt" count="0"/>
        <line num="12" type="stmt" count="0"/>
        <line num="13" type="stmt" count="0"/>
        <line num="14" type="stmt" count="0"/>
        <line num="17" type="stmt" count="0"/>
        <line num="19" type="stmt" count="0"/>
        <line num="20" type="stmt" count="0"/>
        <line num="23" type="stmt" count="0"/>
        <line num="26" type="method" name="isLocal" visibility="public" complexity="1" crap="2.00" count="0"/>
        <line num="28" type="stmt" count="0"/>
        <metrics loc="30" ncloc="30" classes="1" methods="2" coveredmethods="0" conditionals="0" coveredconditionals="0" statements="9" coveredstatements="0" elements="11" coveredelements="0"/>
      </file>
    </package>
    <package name="App\Http\Controllers\Auth">
      <file name="/Users/ealen/Documents/Projets/Github/Cotama-API/app/Http/Controllers/Auth/ForgotPasswordController.php">
        <class name="App\Http\Controllers\Auth\ForgotPasswordController" namespace="App\Http\Controllers\Auth" fullPackage="App" package="App">
          <metrics complexity="1" methods="1" coveredmethods="0" conditionals="0" coveredconditionals="0" statements="2" coveredstatements="0" elements="3" coveredelements="0"/>
        </class>
        <line num="33" type="method" name="__construct" visibility="public" complexity="1" crap="2.00" count="0"/>
        <line num="35" type="stmt" count="0"/>
        <line num="36" type="stmt" count="0"/>
        <metrics loc="37" ncloc="17" classes="1" methods="1" coveredmethods="0" conditionals="0" coveredconditionals="0" statements="2" coveredstatements="0" elements="3" coveredelements="0"/>
      </file>
      <file name="/Users/ealen/Documents/Projets/Github/Cotama-API/app/Http/Controllers/Auth/LoginController.php">
        <class name="App\Http\Controllers\Auth\LoginController" namespace="App\Http\Controllers\Auth" fullPackage="App" package="App">
          <metrics complexity="1" methods="1" coveredmethods="0" conditionals="0" coveredconditionals="0" statements="2" coveredstatements="0" elements="3" coveredelements="0"/>
        </class>
        <line num="40" type="method" name="__construct" visibility="public" complexity="1" crap="2.00" count="0"/>
        <line num="42" type="stmt" count="0"/>
        <line num="43" type="stmt" count="0"/>
        <metrics loc="44" ncloc="19" classes="1" methods="1" coveredmethods="0" conditionals="0" coveredconditionals="0" statements="2" coveredstatements="0" elements="3" coveredelements="0"/>
      </file>
      <file name="/Users/ealen/Documents/Projets/Github/Cotama-API/app/Http/Controllers/Auth/RegisterController.php">
        <class name="App\Http\Controllers\Auth\RegisterController" namespace="App\Http\Controllers\Auth" fullPackage="App" package="App">
          <metrics complexity="3" methods="3" coveredmethods="0" conditionals="0" coveredconditionals="0" statements="10" coveredstatements="0" elements="13" coveredelements="0"/>
        </class>
        <line num="42" type="method" name="__construct" visibility="public" complexity="1" crap="2.00" count="0"/>
        <line num="44" type="stmt" count="0"/>
        <line num="45" type="stmt" count="0"/>
        <line num="53" type="method" name="validator" visibility="protected" complexity="1" crap="2.00" count="0"/>
        <line num="55" type="stmt" count="0"/>
        <line num="56" type="stmt" count="0"/>
        <line num="70" type="method" name="create" visibility="protected" complexity="1" crap="2.00" count="0"/>
        <line num="72" type="stmt" count="0"/>
        <line num="73" type="stmt" count="0"/>
        <line num="74" type="stmt" count="0"/>
        <line num="75" type="stmt" count="0"/>
        <line num="76" type="stmt" count="0"/>
        <line num="77" type="stmt" count="0"/>
        <metrics loc="80" ncloc="43" classes="1" methods="3" coveredmethods="0" conditionals="0" coveredconditionals="0" statements="10" coveredstatements="0" elements="13" coveredelements="0"/>
      </file>
      <file name="/Users/ealen/Documents/Projets/Github/Cotama-API/app/Http/Controllers/Auth/ResetPasswordController.php">
        <class name="App\Http\Controllers\Auth\ResetPasswordController" namespace="App\Http\Controllers\Auth" fullPackage="App" package="App">
          <metrics complexity="1" methods="1" coveredmethods="0" conditionals="0" coveredconditionals="0" statements="2" coveredstatements="0" elements="3" coveredelements="0"/>
        </class>
        <line num="40" type="method" name="__construct" visibility="public" complexity="1" crap="2.00" count="0"/>
        <line num="42" type="stmt" count="0"/>
        <line num="43" type="stmt" count="0"/>
        <metrics loc="44" ncloc="19" classes="1" methods="1" coveredmethods="0" conditionals="0" coveredconditionals="0" statements="2" coveredstatements="0" elements="3" coveredelements="0"/>
      </file>
    </package>
    <package name="App\Http\Controllers">
      <file name="/Users/ealen/Documents/Projets/Github/Cotama-API/app/Http/Controllers/Controller.php">
        <class name="App\Http\Controllers\Controller" namespace="App\Http\Controllers">
          <metrics complexity="0" methods="0" coveredmethods="0" conditionals="0" coveredconditionals="0" statements="0" coveredstatements="0" elements="0" coveredelements="0"/>
        </class>
        <metrics loc="13" ncloc="13" classes="0" methods="0" coveredmethods="0" conditionals="0" coveredconditionals="0" statements="0" coveredstatements="0" elements="0" coveredelements="0"/>
      </file>
      <file name="/Users/ealen/Documents/Projets/Github/Cotama-API/app/Http/Controllers/HouseworkController.php">
        <class name="App\Http\Controllers\HouseworkController" namespace="App\Http\Controllers" fullPackage="App" package="App">
          <metrics complexity="3" methods="3" coveredmethods="2" conditionals="0" coveredconditionals="0" statements="6" coveredstatements="2" elements="9" coveredelements="4"/>
        </class>
        <line num="21" type="method" name="index" visibility="public" complexity="1" crap="1" count="1"/>
        <line num="23" type="stmt" count="1"/>
        <line num="32" type="method" name="show" visibility="public" complexity="1" crap="1" count="1"/>
        <line num="34" type="stmt" count="1"/>
        <line num="44" type="method" name="updateState" visibility="public" complexity="1" crap="2.00" count="0"/>
        <line num="45" type="stmt" count="0"/>
        <line num="46" type="stmt" count="0"/>
        <line num="47" type="stmt" count="0"/>
        <line num="49" type="stmt" count="0"/>
        <metrics loc="51" ncloc="29" classes="1" methods="3" coveredmethods="2" conditionals="0" coveredconditionals="0" statements="6" coveredstatements="2" elements="9" coveredelements="4"/>
      </file>
      <file name="/Users/ealen/Documents/Projets/Github/Cotama-API/app/Http/Controllers/MissionApiController.php">
        <class name="App\Http\Controllers\MissionApiController" namespace="App\Http\Controllers">
          <metrics complexity="6" methods="5" coveredmethods="3" conditionals="0" coveredconditionals="0" statements="14" coveredstatements="11" elements="19" coveredelements="14"/>
        </class>
        <line num="27" type="method" name="index" visibility="public" complexity="1" crap="1" count="2"/>
        <line num="29" type="stmt" count="2"/>
        <line num="39" type="method" name="show" visibility="public" complexity="1" crap="1" count="1"/>
        <line num="41" type="stmt" count="1"/>
        <line num="50" type="method" name="showAll" visibility="public" complexity="1" crap="2.00" count="0"/>
        <line num="51" type="stmt" count="0"/>
        <line num="60" type="method" name="store" visibility="public" complexity="1" crap="1" count="1"/>
        <line num="61" type="stmt" count="1"/>
        <line num="62" type="stmt" count="1"/>
        <line num="63" type="stmt" count="1"/>
        <line num="65" type="stmt" count="1"/>
        <line num="66" type="stmt" count="1"/>
        <line num="67" type="stmt" count="1"/>
        <line num="68" type="stmt" count="1"/>
        <line num="78" type="method" name="delete" visibility="public" complexity="2" crap="2.50" count="1"/>
        <line num="80" type="stmt" count="1"/>
        <line num="81" type="stmt" count="1"/>
        <line num="82" type="stmt" count="0"/>
        <line num="83" type="stmt" count="0"/>
        <metrics loc="86" ncloc="49" classes="1" methods="5" coveredmethods="3" conditionals="0" coveredconditionals="0" statements="14" coveredstatements="11" elements="19" coveredelements="14"/>
      </file>
      <file name="/Users/ealen/Documents/Projets/Github/Cotama-API/app/Http/Controllers/PrefController.php">
        <class name="App\Http\Controllers\PrefController" namespace="App\Http\Controllers" fullPackage="App" package="App">
          <metrics complexity="4" methods="4" coveredmethods="4" conditionals="0" coveredconditionals="0" statements="7" coveredstatements="7" elements="11" coveredelements="11"/>
        </class>
        <line num="24" type="method" name="index" visibility="public" complexity="1" crap="1" count="1"/>
        <line num="26" type="stmt" count="1"/>
        <line num="36" type="method" name="show" visibility="public" complexity="1" crap="1" count="1"/>
        <line num="38" type="stmt" count="1"/>
        <line num="39" type="stmt" count="1"/>
        <line num="50" type="method" name="showAllForUser" visibility="public" complexity="1" crap="1" count="1"/>
        <line num="52" type="stmt" count="1"/>
        <line num="53" type="stmt" count="1"/>
        <line num="64" type="method" name="update" visibility="public" complexity="1" crap="1" count="1"/>
        <line num="66" type="stmt" count="1"/>
        <line num="67" type="stmt" count="1"/>
        <metrics loc="70" ncloc="39" classes="1" methods="4" coveredmethods="4" conditionals="0" coveredconditionals="0" statements="7" coveredstatements="7" elements="11" coveredelements="11"/>
      </file>
      <file name="/Users/ealen/Documents/Projets/Github/Cotama-API/app/Http/Controllers/UsersAPIController.php">
        <class name="App\Http\Controllers\UsersAPIController" namespace="App\Http\Controllers" fullPackage="App" package="App">
          <metrics complexity="4" methods="4" coveredmethods="3" conditionals="0" coveredconditionals="0" statements="11" coveredstatements="10" elements="15" coveredelements="13"/>
        </class>
        <line num="24" type="method" name="index" visibility="public" complexity="1" crap="1" count="1"/>
        <line num="26" type="stmt" count="1"/>
        <line num="38" type="method" name="store" visibility="public" complexity="1" crap="1" count="1"/>
        <line num="40" type="stmt" count="1"/>
        <line num="41" type="stmt" count="1"/>
        <line num="42" type="stmt" count="1"/>
        <line num="44" type="stmt" count="1"/>
        <line num="45" type="stmt" count="1"/>
        <line num="62" type="method" name="show" visibility="public" complexity="1" crap="2.00" count="0"/>
        <line num="64" type="stmt" count="0"/>
        <line num="76" type="method" name="update" visibility="public" complexity="1" crap="1" count="1"/>
        <line num="78" type="stmt" count="1"/>
        <line num="79" type="stmt" count="1"/>
        <line num="80" type="stmt" count="1"/>
        <line num="81" type="stmt" count="1"/>
        <metrics loc="84" ncloc="42" classes="1" methods="4" coveredmethods="3" conditionals="0" coveredconditionals="0" statements="11" coveredstatements="10" elements="15" coveredelements="13"/>
      </file>
    </package>
    <package name="App\Http\Controllers\Foyers">
      <file name="/Users/ealen/Documents/Projets/Github/Cotama-API/app/Http/Controllers/Foyers/FoyerAPIController.php">
        <class name="App\Http\Controllers\Foyers\FoyerAPIController" namespace="App\Http\Controllers\Foyers" fullPackage="App" package="App">
          <metrics complexity="6" methods="5" coveredmethods="4" conditionals="0" coveredconditionals="0" statements="17" coveredstatements="15" elements="22" coveredelements="19"/>
        </class>
        <line num="30" type="method" name="index" visibility="public" complexity="1" crap="1" count="2"/>
        <line num="32" type="stmt" count="2"/>
        <line num="33" type="stmt" count="2"/>
        <line num="34" type="stmt" count="2"/>
        <line num="35" type="stmt" count="2"/>
        <line num="36" type="stmt" count="2"/>
        <line num="57" type="method" name="show" visibility="public" complexity="1" crap="1" count="1"/>
        <line num="59" type="stmt" count="1"/>
        <line num="61" type="stmt" count="1"/>
        <line num="62" type="stmt" count="1"/>
        <line num="63" type="stmt" count="1"/>
        <line num="77" type="method" name="store" visibility="public" complexity="1" crap="1" count="1"/>
        <line num="79" type="stmt" count="1"/>
        <line num="80" type="stmt" count="1"/>
        <line num="97" type="method" name="update" visibility="public" complexity="1" crap="1" count="1"/>
        <line num="99" type="stmt" count="1"/>
        <line num="100" type="stmt" count="1"/>
        <line num="115" type="method" name="remove" visibility="public" complexity="2" crap="2.50" count="1"/>
        <line num="118" type="stmt" count="1"/>
        <line num="119" type="stmt" count="1"/>
        <line num="120" type="stmt" count="0"/>
        <line num="121" type="stmt" count="0"/>
        <metrics loc="124" ncloc="55" classes="1" methods="5" coveredmethods="4" conditionals="0" coveredconditionals="0" statements="17" coveredstatements="15" elements="22" coveredelements="19"/>
      </file>
      <file name="/Users/ealen/Documents/Projets/Github/Cotama-API/app/Http/Controllers/Foyers/FoyerUserAPIController.php">
        <class name="App\Http\Controllers\Foyers\FoyerUserAPIController" namespace="App\Http\Controllers\Foyers" fullPackage="App" package="App">
          <metrics complexity="3" methods="2" coveredmethods="2" conditionals="0" coveredconditionals="0" statements="14" coveredstatements="14" elements="16" coveredelements="16"/>
        </class>
        <line num="33" type="method" name="store" visibility="public" complexity="1" crap="1" count="1"/>
        <line num="35" type="stmt" count="1"/>
        <line num="36" type="stmt" count="1"/>
        <line num="37" type="stmt" count="1"/>
        <line num="40" type="stmt" count="1"/>
        <line num="41" type="stmt" count="1"/>
        <line num="42" type="stmt" count="1"/>
        <line num="43" type="stmt" count="1"/>
        <line num="61" type="method" name="exclude" visibility="public" complexity="2" crap="2" count="3"/>
        <line num="63" type="stmt" count="3"/>
        <line num="64" type="stmt" count="3"/>
        <line num="65" type="stmt" count="3"/>
        <line num="66" type="stmt" count="3"/>
        <line num="67" type="stmt" count="3"/>
        <line num="68" type="stmt" count="3"/>
        <line num="69" type="stmt" count="3"/>
        <metrics loc="72" ncloc="40" classes="1" methods="2" coveredmethods="2" conditionals="0" coveredconditionals="0" statements="14" coveredstatements="14" elements="16" coveredelements="16"/>
      </file>
    </package>
    <package name="App\Http">
      <file name="/Users/ealen/Documents/Projets/Github/Cotama-API/app/Http/Kernel.php">
        <class name="App\Http\Kernel" namespace="App\Http">
          <metrics complexity="0" methods="0" coveredmethods="0" conditionals="0" coveredconditionals="0" statements="0" coveredstatements="0" elements="0" coveredelements="0"/>
        </class>
        <metrics loc="65" ncloc="44" classes="0" methods="0" coveredmethods="0" conditionals="0" coveredconditionals="0" statements="0" coveredstatements="0" elements="0" coveredelements="0"/>
      </file>
    </package>
    <package name="App\Http\Middleware">
      <file name="/Users/ealen/Documents/Projets/Github/Cotama-API/app/Http/Middleware/EncryptCookies.php">
        <class name="App\Http\Middleware\EncryptCookies" namespace="App\Http\Middleware">
          <metrics complexity="0" methods="0" coveredmethods="0" conditionals="0" coveredconditionals="0" statements="0" coveredstatements="0" elements="0" coveredelements="0"/>
        </class>
        <metrics loc="17" ncloc="10" classes="0" methods="0" coveredmethods="0" conditionals="0" coveredconditionals="0" statements="0" coveredstatements="0" elements="0" coveredelements="0"/>
      </file>
      <file name="/Users/ealen/Documents/Projets/Github/Cotama-API/app/Http/Middleware/Language.php">
        <class name="App\Http\Middleware\Language" namespace="App\Http\Middleware">
          <metrics complexity="5" methods="2" coveredmethods="1" conditionals="0" coveredconditionals="0" statements="19" coveredstatements="15" elements="21" coveredelements="16"/>
        </class>
        <line num="11" type="method" name="__construct" visibility="public" complexity="1" crap="1" count="38"/>
        <line num="12" type="stmt" count="38"/>
        <line num="13" type="stmt" count="38"/>
        <line num="14" type="stmt" count="38"/>
        <line num="15" type="stmt" count="38"/>
        <line num="24" type="method" name="handle" visibility="public" complexity="4" crap="4.30" count="38"/>
        <line num="27" type="stmt" count="38"/>
        <line num="30" type="stmt" count="38"/>
        <line num="33" type="stmt" count="38"/>
        <line num="34" type="stmt" count="38"/>
        <line num="35" type="stmt" count="0"/>
        <line num="36" type="stmt" count="0"/>
        <line num="41" type="stmt" count="38"/>
        <line num="42" type="stmt" count="38"/>
        <line num="43" type="stmt" count="38"/>
        <line num="46" type="stmt" count="38"/>
        <line num="47" type="stmt" count="38"/>
        <line num="48" type="stmt" count="38"/>
        <line num="49" type="stmt" count="38"/>
        <line num="54" type="stmt" count="0"/>
        <line num="55" type="stmt" count="0"/>
        <metrics loc="57" ncloc="38" classes="1" methods="2" coveredmethods="1" conditionals="0" coveredconditionals="0" statements="19" coveredstatements="15" elements="21" coveredelements="16"/>
      </file>
      <file name="/Users/ealen/Documents/Projets/Github/Cotama-API/app/Http/Middleware/RedirectIfAuthenticated.php">
        <class name="App\Http\Middleware\RedirectIfAuthenticated" namespace="App\Http\Middleware">
          <metrics complexity="2" methods="1" coveredmethods="0" conditionals="0" coveredconditionals="0" statements="3" coveredstatements="0" elements="4" coveredelements="0"/>
        </class>
        <line num="18" type="method" name="handle" visibility="public" complexity="2" crap="6.00" count="0"/>
        <line num="20" type="stmt" count="0"/>
        <line num="21" type="stmt" count="0"/>
        <line num="24" type="stmt" count="0"/>
        <metrics loc="26" ncloc="18" classes="1" methods="1" coveredmethods="0" conditionals="0" coveredconditionals="0" statements="3" coveredstatements="0" elements="4" coveredelements="0"/>
      </file>
      <file name="/Users/ealen/Documents/Projets/Github/Cotama-API/app/Http/Middleware/TrimStrings.php">
        <class name="App\Http\Middleware\TrimStrings" namespace="App\Http\Middleware">
          <metrics complexity="0" methods="0" coveredmethods="0" conditionals="0" coveredconditionals="0" statements="0" coveredstatements="0" elements="0" coveredelements="0"/>
        </class>
        <metrics loc="18" ncloc="13" classes="0" methods="0" coveredmethods="0" conditionals="0" coveredconditionals="0" statements="0" coveredstatements="0" elements="0" coveredelements="0"/>
      </file>
      <file name="/Users/ealen/Documents/Projets/Github/Cotama-API/app/Http/Middleware/VerifyCsrfToken.php">
        <class name="App\Http\Middleware\VerifyCsrfToken" namespace="App\Http\Middleware">
          <metrics complexity="0" methods="0" coveredmethods="0" conditionals="0" coveredconditionals="0" statements="0" coveredstatements="0" elements="0" coveredelements="0"/>
        </class>
        <metrics loc="17" ncloc="10" classes="0" methods="0" coveredmethods="0" conditionals="0" coveredconditionals="0" statements="0" coveredstatements="0" elements="0" coveredelements="0"/>
      </file>
    </package>
    <package name="App\Http\Requests\Foyers">
      <file name="/Users/ealen/Documents/Projets/Github/Cotama-API/app/Http/Requests/Foyers/FoyerGetRequest.php">
        <class name="App\Http\Requests\Foyers\FoyerGetRequest" namespace="App\Http\Requests\Foyers">
          <metrics complexity="3" methods="3" coveredmethods="2" conditionals="0" coveredconditionals="0" statements="5" coveredstatements="4" elements="8" coveredelements="6"/>
        </class>
        <line num="16" type="method" name="authorize" visibility="public" complexity="1" crap="1" count="1"/>
        <line num="18" type="stmt" count="1"/>
        <line num="19" type="stmt" count="1"/>
        <line num="20" type="stmt" count="1"/>
        <line num="29" type="method" name="rules" visibility="public" complexity="1" crap="1" count="1"/>
        <line num="33" type="stmt" count="1"/>
        <line num="36" type="method" name="wantsJson" visibility="public" complexity="1" crap="2.00" count="0"/>
        <line num="38" type="stmt" count="0"/>
        <metrics loc="41" ncloc="31" classes="1" methods="3" coveredmethods="2" conditionals="0" coveredconditionals="0" statements="5" coveredstatements="4" elements="8" coveredelements="6"/>
      </file>
      <file name="/Users/ealen/Documents/Projets/Github/Cotama-API/app/Http/Requests/Foyers/FoyerJoinRequest.php">
        <class name="App\Http\Requests\Foyers\FoyerJoinRequest" namespace="App\Http\Requests\Foyers">
          <metrics complexity="4" methods="3" coveredmethods="1" conditionals="0" coveredconditionals="0" statements="7" coveredstatements="5" elements="10" coveredelements="6"/>
        </class>
        <line num="17" type="method" name="authorize" visibility="public" complexity="2" crap="2.03" count="2"/>
        <line num="19" type="stmt" count="2"/>
        <line num="20" type="stmt" count="2"/>
        <line num="21" type="stmt" count="2"/>
        <line num="22" type="stmt" count="2"/>
        <line num="24" type="stmt" count="0"/>
        <line num="33" type="method" name="rules" visibility="public" complexity="1" crap="1" count="2"/>
        <line num="36" type="stmt" count="2"/>
        <line num="40" type="method" name="wantsJson" visibility="public" complexity="1" crap="2.00" count="0"/>
        <line num="42" type="stmt" count="0"/>
        <metrics loc="45" ncloc="35" classes="1" methods="3" coveredmethods="1" conditionals="0" coveredconditionals="0" statements="7" coveredstatements="5" elements="10" coveredelements="6"/>
      </file>
      <file name="/Users/ealen/Documents/Projets/Github/Cotama-API/app/Http/Requests/Foyers/FoyerPutRequest.php">
        <class name="App\Http\Requests\Foyers\FoyerPutRequest" namespace="App\Http\Requests\Foyers">
          <metrics complexity="3" methods="3" coveredmethods="2" conditionals="0" coveredconditionals="0" statements="4" coveredstatements="3" elements="7" coveredelements="5"/>
        </class>
        <line num="15" type="method" name="authorize" visibility="public" complexity="1" crap="1" count="2"/>
        <line num="17" type="stmt" count="2"/>
        <line num="18" type="stmt" count="2"/>
        <line num="26" type="method" name="rules" visibility="public" complexity="1" crap="1" count="2"/>
        <line num="29" type="stmt" count="2"/>
        <line num="33" type="method" name="wantsJson" visibility="public" complexity="1" crap="2.00" count="0"/>
        <line num="35" type="stmt" count="0"/>
        <metrics loc="38" ncloc="28" classes="1" methods="3" coveredmethods="2" conditionals="0" coveredconditionals="0" statements="4" coveredstatements="3" elements="7" coveredelements="5"/>
      </file>
      <file name="/Users/ealen/Documents/Projets/Github/Cotama-API/app/Http/Requests/Foyers/FoyerRemoveRequest.php">
        <class name="App\Http\Requests\Foyers\FoyerRemoveRequest" namespace="App\Http\Requests\Foyers">
          <metrics complexity="3" methods="3" coveredmethods="2" conditionals="0" coveredconditionals="0" statements="5" coveredstatements="4" elements="8" coveredelements="6"/>
        </class>
        <line num="15" type="method" name="authorize" visibility="public" complexity="1" crap="1" count="1"/>
        <line num="17" type="stmt" count="1"/>
        <line num="18" type="stmt" count="1"/>
        <line num="19" type="stmt" count="1"/>
        <line num="29" type="method" name="rules" visibility="public" complexity="1" crap="1" count="1"/>
        <line num="32" type="stmt" count="1"/>
        <line num="35" type="method" name="wantsJson" visibility="public" complexity="1" crap="2.00" count="0"/>
        <line num="37" type="stmt" count="0"/>
        <metrics loc="40" ncloc="30" classes="1" methods="3" coveredmethods="2" conditionals="0" coveredconditionals="0" statements="5" coveredstatements="4" elements="8" coveredelements="6"/>
      </file>
      <file name="/Users/ealen/Documents/Projets/Github/Cotama-API/app/Http/Requests/Foyers/FoyerSaveRequest.php">
        <class name="App\Http\Requests\Foyers\FoyerSaveRequest" namespace="App\Http\Requests\Foyers">
          <metrics complexity="3" methods="3" coveredmethods="2" conditionals="0" coveredconditionals="0" statements="3" coveredstatements="2" elements="6" coveredelements="4"/>
        </class>
        <line num="14" type="method" name="authorize" visibility="public" complexity="1" crap="1" count="1"/>
        <line num="16" type="stmt" count="1"/>
        <line num="24" type="method" name="rules" visibility="public" complexity="1" crap="1" count="1"/>
        <line num="27" type="stmt" count="1"/>
        <line num="31" type="method" name="wantsJson" visibility="public" complexity="1" crap="2.00" count="0"/>
        <line num="33" type="stmt" count="0"/>
        <metrics loc="36" ncloc="26" classes="1" methods="3" coveredmethods="2" conditionals="0" coveredconditionals="0" statements="3" coveredstatements="2" elements="6" coveredelements="4"/>
      </file>
      <file name="/Users/ealen/Documents/Projets/Github/Cotama-API/app/Http/Requests/Foyers/FoyerUserExcludeRequest.php">
        <class name="App\Http\Requests\Foyers\FoyerUserExcludeRequest" namespace="App\Http\Requests\Foyers">
          <metrics complexity="4" methods="3" coveredmethods="2" conditionals="0" coveredconditionals="0" statements="6" coveredstatements="5" elements="9" coveredelements="7"/>
        </class>
        <line num="15" type="method" name="authorize" visibility="public" complexity="2" crap="2" count="5"/>
        <line num="17" type="stmt" count="5"/>
        <line num="18" type="stmt" count="4"/>
        <line num="19" type="stmt" count="4"/>
        <line num="20" type="stmt" count="5"/>
        <line num="30" type="method" name="rules" visibility="public" complexity="1" crap="1" count="5"/>
        <line num="33" type="stmt" count="5"/>
        <line num="36" type="method" name="wantsJson" visibility="public" complexity="1" crap="2.00" count="0"/>
        <line num="38" type="stmt" count="0"/>
        <metrics loc="41" ncloc="31" classes="1" methods="3" coveredmethods="2" conditionals="0" coveredconditionals="0" statements="6" coveredstatements="5" elements="9" coveredelements="7"/>
      </file>
    </package>
    <package name="App\Http\Requests\Missions">
      <file name="/Users/ealen/Documents/Projets/Github/Cotama-API/app/Http/Requests/Missions/MissionsDeleteRequest.php">
        <class name="App\Http\Requests\Missions\MissionsDeleteRequest" namespace="App\Http\Requests\Missions">
          <metrics complexity="4" methods="3" coveredmethods="2" conditionals="0" coveredconditionals="0" statements="4" coveredstatements="3" elements="7" coveredelements="5"/>
        </class>
        <line num="17" type="method" name="authorize" visibility="public" complexity="2" crap="2" count="1"/>
        <line num="19" type="stmt" count="1"/>
        <line num="20" type="stmt" count="1"/>
        <line num="28" type="method" name="rules" visibility="public" complexity="1" crap="1" count="1"/>
        <line num="31" type="stmt" count="1"/>
        <line num="34" type="method" name="wantsJson" visibility="public" complexity="1" crap="2.00" count="0"/>
        <line num="36" type="stmt" count="0"/>
        <metrics loc="38" ncloc="28" classes="1" methods="3" coveredmethods="2" conditionals="0" coveredconditionals="0" statements="4" coveredstatements="3" elements="7" coveredelements="5"/>
      </file>
      <file name="/Users/ealen/Documents/Projets/Github/Cotama-API/app/Http/Requests/Missions/MissionsSaveRequest.php">
        <class name="App\Http\Requests\Missions\MissionsSaveRequest" namespace="App\Http\Requests\Missions">
          <metrics complexity="3" methods="3" coveredmethods="2" conditionals="0" coveredconditionals="0" statements="3" coveredstatements="2" elements="6" coveredelements="4"/>
        </class>
        <line num="21" type="method" name="authorize" visibility="public" complexity="1" crap="1" count="1"/>
        <line num="23" type="stmt" count="1"/>
        <line num="31" type="method" name="rules" visibility="public" complexity="1" crap="1" count="1"/>
        <line num="34" type="stmt" count="1"/>
        <line num="41" type="method" name="wantsJson" visibility="public" complexity="1" crap="2.00" count="0"/>
        <line num="43" type="stmt" count="0"/>
        <metrics loc="45" ncloc="29" classes="1" methods="3" coveredmethods="2" conditionals="0" coveredconditionals="0" statements="3" coveredstatements="2" elements="6" coveredelements="4"/>
      </file>
    </package>
    <package name="App\Http\Requests\Prefs">
      <file name="/Users/ealen/Documents/Projets/Github/Cotama-API/app/Http/Requests/Prefs/PrefGetRequest.php">
        <class name="App\Http\Requests\Prefs\PrefGetRequest" namespace="App\Http\Requests\Prefs">
          <metrics complexity="4" methods="3" coveredmethods="2" conditionals="0" coveredconditionals="0" statements="3" coveredstatements="2" elements="6" coveredelements="4"/>
        </class>
        <line num="15" type="method" name="authorize" visibility="public" complexity="2" crap="2" count="2"/>
        <line num="17" type="stmt" count="2"/>
        <line num="25" type="method" name="rules" visibility="public" complexity="1" crap="1" count="2"/>
        <line num="28" type="stmt" count="2"/>
        <line num="31" type="method" name="wantsJson" visibility="public" complexity="1" crap="2.00" count="0"/>
        <line num="33" type="stmt" count="0"/>
        <metrics loc="35" ncloc="25" classes="1" methods="3" coveredmethods="2" conditionals="0" coveredconditionals="0" statements="3" coveredstatements="2" elements="6" coveredelements="4"/>
      </file>
      <file name="/Users/ealen/Documents/Projets/Github/Cotama-API/app/Http/Requests/Prefs/PrefPutRequest.php">
        <class name="App\Http\Requests\Prefs\PrefPutRequest" namespace="App\Http\Requests\Prefs">
          <metrics complexity="3" methods="3" coveredmethods="2" conditionals="0" coveredconditionals="0" statements="3" coveredstatements="2" elements="6" coveredelements="4"/>
        </class>
        <line num="14" type="method" name="authorize" visibility="public" complexity="1" crap="1" count="2"/>
        <line num="16" type="stmt" count="2"/>
        <line num="24" type="method" name="rules" visibility="public" complexity="1" crap="1" count="2"/>
        <line num="27" type="stmt" count="2"/>
        <line num="31" type="method" name="wantsJson" visibility="public" complexity="1" crap="2.00" count="0"/>
        <line num="33" type="stmt" count="0"/>
        <metrics loc="36" ncloc="26" classes="1" methods="3" coveredmethods="2" conditionals="0" coveredconditionals="0" statements="3" coveredstatements="2" elements="6" coveredelements="4"/>
      </file>
    </package>
    <package name="App\Http\Requests\Users">
      <file name="/Users/ealen/Documents/Projets/Github/Cotama-API/app/Http/Requests/Users/UserGetRequest.php">
        <class name="App\Http\Requests\Users\UserGetRequest" namespace="App\Http\Requests\Users">
          <metrics complexity="4" methods="3" coveredmethods="0" conditionals="0" coveredconditionals="0" statements="3" coveredstatements="0" elements="6" coveredelements="0"/>
        </class>
        <line num="15" type="method" name="authorize" visibility="public" complexity="2" crap="6.00" count="0"/>
        <line num="17" type="stmt" count="0"/>
        <line num="25" type="method" name="rules" visibility="public" complexity="1" crap="2.00" count="0"/>
        <line num="29" type="stmt" count="0"/>
        <line num="32" type="method" name="wantsJson" visibility="public" complexity="1" crap="2.00" count="0"/>
        <line num="34" type="stmt" count="0"/>
        <metrics loc="36" ncloc="26" classes="1" methods="3" coveredmethods="0" conditionals="0" coveredconditionals="0" statements="3" coveredstatements="0" elements="6" coveredelements="0"/>
      </file>
      <file name="/Users/ealen/Documents/Projets/Github/Cotama-API/app/Http/Requests/Users/UserPutRequest.php">
        <class name="App\Http\Requests\Users\UserPutRequest" namespace="App\Http\Requests\Users">
          <metrics complexity="3" methods="3" coveredmethods="2" conditionals="0" coveredconditionals="0" statements="3" coveredstatements="2" elements="6" coveredelements="4"/>
        </class>
        <line num="14" type="method" name="authorize" visibility="public" complexity="1" crap="1" count="2"/>
        <line num="16" type="stmt" count="2"/>
        <line num="24" type="method" name="rules" visibility="public" complexity="1" crap="1" count="2"/>
        <line num="27" type="stmt" count="2"/>
        <line num="35" type="method" name="wantsJson" visibility="public" complexity="1" crap="2.00" count="0"/>
        <line num="37" type="stmt" count="0"/>
        <metrics loc="40" ncloc="30" classes="1" methods="3" coveredmethods="2" conditionals="0" coveredconditionals="0" statements="3" coveredstatements="2" elements="6" coveredelements="4"/>
      </file>
      <file name="/Users/ealen/Documents/Projets/Github/Cotama-API/app/Http/Requests/Users/UserSaveRequest.php">
        <class name="App\Http\Requests\Users\UserSaveRequest" namespace="App\Http\Requests\Users">
          <metrics complexity="3" methods="3" coveredmethods="2" conditionals="0" coveredconditionals="0" statements="3" coveredstatements="2" elements="6" coveredelements="4"/>
        </class>
        <line num="14" type="method" name="authorize" visibility="public" complexity="1" crap="1" count="4"/>
        <line num="16" type="stmt" count="4"/>
        <line num="24" type="method" name="rules" visibility="public" complexity="1" crap="1" count="4"/>
        <line num="27" type="stmt" count="4"/>
        <line num="35" type="method" name="wantsJson" visibility="public" complexity="1" crap="2.00" count="0"/>
        <line num="37" type="stmt" count="0"/>
        <metrics loc="40" ncloc="30" classes="1" methods="3" coveredmethods="2" conditionals="0" coveredconditionals="0" statements="3" coveredstatements="2" elements="6" coveredelements="4"/>
      </file>
    </package>
    <package name="App\Listeners">
      <file name="/Users/ealen/Documents/Projets/Github/Cotama-API/app/Listeners/FoyerUserDeleteListener.php">
        <class name="App\Listeners\FoyerUserDeleteListener" namespace="App\Listeners">
          <metrics complexity="2" methods="2" coveredmethods="2" conditionals="0" coveredconditionals="0" statements="7" coveredstatements="7" elements="9" coveredelements="9"/>
        </class>
        <line num="16" type="method" name="__construct" visibility="public" complexity="1" crap="1" count="5"/>
        <line num="19" type="stmt" count="5"/>
        <line num="24" type="method" name="handle" visibility="public" complexity="1" crap="1" count="5"/>
        <line num="26" type="stmt" count="5"/>
        <line num="28" type="stmt" count="5"/>
        <line num="29" type="stmt" count="5"/>
        <line num="30" type="stmt" count="5"/>
        <line num="31" type="stmt" count="5"/>
        <line num="34" type="stmt" count="5"/>
        <metrics loc="35" ncloc="25" classes="1" methods="2" coveredmethods="2" conditionals="0" coveredconditionals="0" statements="7" coveredstatements="7" elements="9" coveredelements="9"/>
      </file>
      <file name="/Users/ealen/Documents/Projets/Github/Cotama-API/app/Listeners/FoyerUserJoinListener.php">
        <class name="App\Listeners\FoyerUserJoinListener" namespace="App\Listeners">
          <metrics complexity="4" methods="2" coveredmethods="2" conditionals="0" coveredconditionals="0" statements="15" coveredstatements="15" elements="17" coveredelements="17"/>
        </class>
        <line num="19" type="method" name="__construct" visibility="public" complexity="1" crap="1" count="10"/>
        <line num="22" type="stmt" count="10"/>
        <line num="27" type="method" name="handle" visibility="public" complexity="3" crap="3" count="10"/>
        <line num="29" type="stmt" count="10"/>
        <line num="30" type="stmt" count="10"/>
        <line num="32" type="stmt" count="10"/>
        <line num="33" type="stmt" count="10"/>
        <line num="34" type="stmt" count="8"/>
        <line num="35" type="stmt" count="8"/>
        <line num="36" type="stmt" count="8"/>
        <line num="37" type="stmt" count="8"/>
        <line num="38" type="stmt" count="10"/>
        <line num="44" type="stmt" count="10"/>
        <line num="45" type="stmt" count="10"/>
        <line num="46" type="stmt" count="10"/>
        <line num="47" type="stmt" count="10"/>
        <line num="50" type="stmt" count="10"/>
        <metrics loc="51" ncloc="39" classes="1" methods="2" coveredmethods="2" conditionals="0" coveredconditionals="0" statements="15" coveredstatements="15" elements="17" coveredelements="17"/>
      </file>
      <file name="/Users/ealen/Documents/Projets/Github/Cotama-API/app/Listeners/FoyerWasCreatedListener.php">
        <class name="App\Listeners\FoyerWasCreatedListener" namespace="App\Listeners">
          <metrics complexity="3" methods="2" coveredmethods="2" conditionals="0" coveredconditionals="0" statements="8" coveredstatements="8" elements="10" coveredelements="10"/>
        </class>
        <line num="16" type="method" name="__construct" visibility="public" complexity="1" crap="1" count="22"/>
        <line num="19" type="stmt" count="22"/>
        <line num="24" type="method" name="handle" visibility="public" complexity="2" crap="2" count="22"/>
        <line num="26" type="stmt" count="22"/>
        <line num="28" type="stmt" count="22"/>
        <line num="29" type="stmt" count="22"/>
        <line num="30" type="stmt" count="22"/>
        <line num="31" type="stmt" count="22"/>
        <line num="32" type="stmt" count="22"/>
        <line num="35" type="stmt" count="22"/>
        <metrics loc="36" ncloc="26" classes="1" methods="2" coveredmethods="2" conditionals="0" coveredconditionals="0" statements="8" coveredstatements="8" elements="10" coveredelements="10"/>
      </file>
    </package>
    <package name="App\Mail">
      <file name="/Users/ealen/Documents/Projets/Github/Cotama-API/app/Mail/MailFoyerUserDelete.php">
        <class name="App\Mail\MailFoyerUserDelete" namespace="App\Mail">
          <metrics complexity="2" methods="2" coveredmethods="2" conditionals="0" coveredconditionals="0" statements="8" coveredstatements="8" elements="10" coveredelements="10"/>
        </class>
        <line num="22" type="method" name="__construct" visibility="public" complexity="1" crap="1" count="5"/>
        <line num="24" type="stmt" count="5"/>
        <line num="25" type="stmt" count="5"/>
        <line num="26" type="stmt" count="5"/>
        <line num="33" type="method" name="build" visibility="public" complexity="1" crap="1" count="5"/>
        <line num="35" type="stmt" count="5"/>
        <line num="36" type="stmt" count="5"/>
        <line num="37" type="stmt" count="5"/>
        <line num="38" type="stmt" count="5"/>
        <line num="39" type="stmt" count="5"/>
        <metrics loc="42" ncloc="32" classes="1" methods="2" coveredmethods="2" conditionals="0" coveredconditionals="0" statements="8" coveredstatements="8" elements="10" coveredelements="10"/>
      </file>
      <file name="/Users/ealen/Documents/Projets/Github/Cotama-API/app/Mail/MailFoyerUserJoin.php">
        <class name="App\Mail\MailFoyerUserJoin" namespace="App\Mail">
          <metrics complexity="2" methods="2" coveredmethods="2" conditionals="0" coveredconditionals="0" statements="8" coveredstatements="8" elements="10" coveredelements="10"/>
        </class>
        <line num="22" type="method" name="__construct" visibility="public" complexity="1" crap="1" count="10"/>
        <line num="24" type="stmt" count="10"/>
        <line num="25" type="stmt" count="10"/>
        <line num="26" type="stmt" count="10"/>
        <line num="33" type="method" name="build" visibility="public" complexity="1" crap="1" count="10"/>
        <line num="35" type="stmt" count="10"/>
        <line num="36" type="stmt" count="10"/>
        <line num="37" type="stmt" count="10"/>
        <line num="38" type="stmt" count="10"/>
        <line num="39" type="stmt" count="10"/>
        <metrics loc="42" ncloc="32" classes="1" methods="2" coveredmethods="2" conditionals="0" coveredconditionals="0" statements="8" coveredstatements="8" elements="10" coveredelements="10"/>
      </file>
      <file name="/Users/ealen/Documents/Projets/Github/Cotama-API/app/Mail/MailFoyerWasCreated.php">
        <class name="App\Mail\MailFoyerWasCreated" namespace="App\Mail">
          <metrics complexity="2" methods="2" coveredmethods="2" conditionals="0" coveredconditionals="0" statements="8" coveredstatements="8" elements="10" coveredelements="10"/>
        </class>
        <line num="22" type="method" name="__construct" visibility="public" complexity="1" crap="1" count="22"/>
        <line num="24" type="stmt" count="22"/>
        <line num="25" type="stmt" count="22"/>
        <line num="26" type="stmt" count="22"/>
        <line num="33" type="method" name="build" visibility="public" complexity="1" crap="1" count="22"/>
        <line num="35" type="stmt" count="22"/>
        <line num="36" type="stmt" count="22"/>
        <line num="37" type="stmt" count="22"/>
        <line num="38" type="stmt" count="22"/>
        <line num="39" type="stmt" count="22"/>
        <metrics loc="42" ncloc="32" classes="1" methods="2" coveredmethods="2" conditionals="0" coveredconditionals="0" statements="8" coveredstatements="8" elements="10" coveredelements="10"/>
      </file>
      <file name="/Users/ealen/Documents/Projets/Github/Cotama-API/app/Mail/MailWarnUserJoin.php">
        <class name="App\Mail\MailWarnUserJoin" namespace="App\Mail">
          <metrics complexity="2" methods="2" coveredmethods="2" conditionals="0" coveredconditionals="0" statements="10" coveredstatements="10" elements="12" coveredelements="12"/>
        </class>
        <line num="22" type="method" name="__construct" visibility="public" complexity="1" crap="1" count="8"/>
        <line num="24" type="stmt" count="8"/>
        <line num="25" type="stmt" count="8"/>
        <line num="26" type="stmt" count="8"/>
        <line num="27" type="stmt" count="8"/>
        <line num="34" type="method" name="build" visibility="public" complexity="1" crap="1" count="8"/>
        <line num="36" type="stmt" count="8"/>
        <line num="37" type="stmt" count="8"/>
        <line num="38" type="stmt" count="8"/>
        <line num="39" type="stmt" count="8"/>
        <line num="40" type="stmt" count="8"/>
        <line num="41" type="stmt" count="8"/>
        <metrics loc="44" ncloc="34" classes="1" methods="2" coveredmethods="2" conditionals="0" coveredconditionals="0" statements="10" coveredstatements="10" elements="12" coveredelements="12"/>
      </file>
    </package>
    <package name="App\Models\Activity">
      <file name="/Users/ealen/Documents/Projets/Github/Cotama-API/app/Models/Activity/Activity.php">
        <class name="App\Models\Activity\Activity" namespace="App\Models\Activity">
          <metrics complexity="0" methods="0" coveredmethods="0" conditionals="0" coveredconditionals="0" statements="0" coveredstatements="0" elements="0" coveredelements="0"/>
        </class>
        <metrics loc="10" ncloc="8" classes="0" methods="0" coveredmethods="0" conditionals="0" coveredconditionals="0" statements="0" coveredstatements="0" elements="0" coveredelements="0"/>
      </file>
      <file name="/Users/ealen/Documents/Projets/Github/Cotama-API/app/Models/Activity/ActivityType.php">
        <class name="App\Models\Activity\ActivityType" namespace="App\Models\Activity">
          <metrics complexity="0" methods="0" coveredmethods="0" conditionals="0" coveredconditionals="0" statements="0" coveredstatements="0" elements="0" coveredelements="0"/>
        </class>
        <metrics loc="10" ncloc="8" classes="0" methods="0" coveredmethods="0" conditionals="0" coveredconditionals="0" statements="0" coveredstatements="0" elements="0" coveredelements="0"/>
      </file>
    </package>
    <package name="App\Models\Foyers">
      <file name="/Users/ealen/Documents/Projets/Github/Cotama-API/app/Models/Foyers/Foyer.php">
        <class name="App\Models\Foyers\Foyer" namespace="App\Models\Foyers">
          <metrics complexity="9" methods="5" coveredmethods="2" conditionals="0" coveredconditionals="0" statements="27" coveredstatements="5" elements="32" coveredelements="7"/>
        </class>
        <line num="20" type="method" name="__construct" visibility="public" complexity="1" crap="1" count="27"/>
        <line num="22" type="stmt" count="27"/>
        <line num="23" type="stmt" count="27"/>
        <line num="25" type="stmt" count="27"/>
        <line num="26" type="stmt" count="27"/>
        <line num="28" type="method" name="users" visibility="public" complexity="1" crap="1" count="26"/>
        <line num="30" type="stmt" count="26"/>
        <line num="33" type="method" name="missions" visibility="public" complexity="1" crap="2.00" count="0"/>
        <line num="35" type="stmt" count="0"/>
        <line num="50" type="method" name="getAllForUser" visibility="public" complexity="3" crap="12.00" count="0"/>
        <line num="51" type="stmt" count="0"/>
        <line num="52" type="stmt" count="0"/>
        <line num="53" type="stmt" count="0"/>
        <line num="56" type="stmt" count="0"/>
        <line num="57" type="stmt" count="0"/>
        <line num="59" type="stmt" count="0"/>
        <line num="60" type="stmt" count="0"/>
        <line num="63" type="stmt" count="0"/>
        <line num="71" type="method" name="getAllForFoyer" visibility="public" complexity="3" crap="12.00" count="0"/>
        <line num="72" type="stmt" count="0"/>
        <line num="73" type="stmt" count="0"/>
        <line num="74" type="stmt" count="0"/>
        <line num="76" type="stmt" count="0"/>
        <line num="77" type="stmt" count="0"/>
        <line num="78" type="stmt" count="0"/>
        <line num="80" type="stmt" count="0"/>
        <line num="83" type="stmt" count="0"/>
        <line num="84" type="stmt" count="0"/>
        <line num="85" type="stmt" count="0"/>
        <line num="88" type="stmt" count="0"/>
        <line num="89" type="stmt" count="0"/>
        <line num="92" type="stmt" count="0"/>
        <metrics loc="105" ncloc="95" classes="1" methods="5" coveredmethods="2" conditionals="0" coveredconditionals="0" statements="27" coveredstatements="5" elements="32" coveredelements="7"/>
      </file>
      <file name="/Users/ealen/Documents/Projets/Github/Cotama-API/app/Models/Foyers/FoyerUser.php">
        <class name="App\Models\Foyers\FoyerUser" namespace="App\Models\Foyers">
          <metrics complexity="0" methods="0" coveredmethods="0" conditionals="0" coveredconditionals="0" statements="0" coveredstatements="0" elements="0" coveredelements="0"/>
        </class>
        <metrics loc="14" ncloc="14" classes="0" methods="0" coveredmethods="0" conditionals="0" coveredconditionals="0" statements="0" coveredstatements="0" elements="0" coveredelements="0"/>
      </file>
    </package>
    <package name="App\Models">
      <file name="/Users/ealen/Documents/Projets/Github/Cotama-API/app/Models/Housework.php">
        <class name="App\Models\Housework" namespace="App\Models">
          <metrics complexity="0" methods="0" coveredmethods="0" conditionals="0" coveredconditionals="0" statements="0" coveredstatements="0" elements="0" coveredelements="0"/>
        </class>
        <metrics loc="14" ncloc="14" classes="0" methods="0" coveredmethods="0" conditionals="0" coveredconditionals="0" statements="0" coveredstatements="0" elements="0" coveredelements="0"/>
      </file>
      <file name="/Users/ealen/Documents/Projets/Github/Cotama-API/app/Models/Prefs.php">
        <class name="App\Models\Prefs" namespace="App\Models">
          <metrics complexity="2" methods="2" coveredmethods="2" conditionals="0" coveredconditionals="0" statements="2" coveredstatements="2" elements="4" coveredelements="4"/>
        </class>
        <line num="11" type="method" name="user" visibility="public" complexity="1" crap="1" count="7"/>
        <line num="13" type="stmt" count="7"/>
        <line num="16" type="method" name="housework" visibility="public" complexity="1" crap="1" count="7"/>
        <line num="18" type="stmt" count="7"/>
        <metrics loc="20" ncloc="20" classes="1" methods="2" coveredmethods="2" conditionals="0" coveredconditionals="0" statements="2" coveredstatements="2" elements="4" coveredelements="4"/>
      </file>
    </package>
    <package name="App\Models\Mission">
      <file name="/Users/ealen/Documents/Projets/Github/Cotama-API/app/Models/Mission/Mission.php">
        <class name="App\Models\Mission\Mission" namespace="App\Models\Mission">
          <metrics complexity="4" methods="4" coveredmethods="4" conditionals="0" coveredconditionals="0" statements="4" coveredstatements="4" elements="8" coveredelements="8"/>
        </class>
        <line num="14" type="method" name="houseworks" visibility="public" complexity="1" crap="1" count="4"/>
        <line num="16" type="stmt" count="4"/>
        <line num="19" type="method" name="foyer" visibility="public" complexity="1" crap="1" count="4"/>
        <line num="21" type="stmt" count="4"/>
        <line num="24" type="method" name="user" visibility="public" complexity="1" crap="1" count="4"/>
        <line num="26" type="stmt" count="4"/>
        <line num="29" type="method" name="state" visibility="public" complexity="1" crap="1" count="4"/>
        <line num="31" type="stmt" count="4"/>
        <metrics loc="33" ncloc="33" classes="1" methods="4" coveredmethods="4" conditionals="0" coveredconditionals="0" statements="4" coveredstatements="4" elements="8" coveredelements="8"/>
      </file>
      <file name="/Users/ealen/Documents/Projets/Github/Cotama-API/app/Models/Mission/MissionHousework.php">
        <class name="App\Models\Mission\MissionHousework" namespace="App\Models\Mission">
          <metrics complexity="0" methods="0" coveredmethods="0" conditionals="0" coveredconditionals="0" statements="0" coveredstatements="0" elements="0" coveredelements="0"/>
        </class>
        <metrics loc="12" ncloc="12" classes="0" methods="0" coveredmethods="0" conditionals="0" coveredconditionals="0" statements="0" coveredstatements="0" elements="0" coveredelements="0"/>
      </file>
    </package>
    <package name="App\Models\State">
      <file name="/Users/ealen/Documents/Projets/Github/Cotama-API/app/Models/State/State.php">
        <class name="App\Models\State\State" namespace="App\Models\State">
          <metrics complexity="0" methods="0" coveredmethods="0" conditionals="0" coveredconditionals="0" statements="0" coveredstatements="0" elements="0" coveredelements="0"/>
        </class>
        <metrics loc="14" ncloc="14" classes="0" methods="0" coveredmethods="0" conditionals="0" coveredconditionals="0" statements="0" coveredstatements="0" elements="0" coveredelements="0"/>
      </file>
    </package>
    <package name="App\Providers">
      <file name="/Users/ealen/Documents/Projets/Github/Cotama-API/app/Providers/AppServiceProvider.php">
        <class name="App\Providers\AppServiceProvider" namespace="App\Providers">
          <metrics complexity="2" methods="2" coveredmethods="2" conditionals="0" coveredconditionals="0" statements="3" coveredstatements="3" elements="5" coveredelements="5"/>
        </class>
        <line num="15" type="method" name="boot" visibility="public" complexity="1" crap="1" count="49"/>
        <line num="20" type="stmt" count="49"/>
        <line num="21" type="stmt" count="49"/>
        <line num="28" type="method" name="register" visibility="public" complexity="1" crap="1" count="49"/>
        <line num="31" type="stmt" count="49"/>
        <metrics loc="32" ncloc="14" classes="1" methods="2" coveredmethods="2" conditionals="0" coveredconditionals="0" statements="3" coveredstatements="3" elements="5" coveredelements="5"/>
      </file>
      <file name="/Users/ealen/Documents/Projets/Github/Cotama-API/app/Providers/AuthServiceProvider.php">
        <class name="App\Providers\AuthServiceProvider" namespace="App\Providers">
          <metrics complexity="1" methods="1" coveredmethods="1" conditionals="0" coveredconditionals="0" statements="4" coveredstatements="4" elements="5" coveredelements="5"/>
        </class>
        <line num="25" type="method" name="boot" visibility="public" complexity="1" crap="1" count="49"/>
        <line num="27" type="stmt" count="49"/>
        <line num="29" type="stmt" count="49"/>
        <line num="30" type="stmt" count="49"/>
        <line num="31" type="stmt" count="49"/>
        <metrics loc="32" ncloc="22" classes="1" methods="1" coveredmethods="1" conditionals="0" coveredconditionals="0" statements="4" coveredstatements="4" elements="5" coveredelements="5"/>
      </file>
      <file name="/Users/ealen/Documents/Projets/Github/Cotama-API/app/Providers/BroadcastServiceProvider.php">
        <class name="App\Providers\BroadcastServiceProvider" namespace="App\Providers">
          <metrics complexity="1" methods="1" coveredmethods="0" conditionals="0" coveredconditionals="0" statements="3" coveredstatements="0" elements="4" coveredelements="0"/>
        </class>
        <line num="15" type="method" name="boot" visibility="public" complexity="1" crap="2.00" count="0"/>
        <line num="17" type="stmt" count="0"/>
        <line num="19" type="stmt" count="0"/>
        <line num="20" type="stmt" count="0"/>
        <metrics loc="21" ncloc="16" classes="1" methods="1" coveredmethods="0" conditionals="0" coveredconditionals="0" statements="3" coveredstatements="0" elements="4" coveredelements="0"/>
      </file>
      <file name="/Users/ealen/Documents/Projets/Github/Cotama-API/app/Providers/EventServiceProvider.php">
        <class name="App\Providers\EventServiceProvider" namespace="App\Providers">
          <metrics complexity="1" methods="1" coveredmethods="1" conditionals="0" coveredconditionals="0" statements="2" coveredstatements="2" elements="3" coveredelements="3"/>
        </class>
        <line num="32" type="method" name="boot" visibility="public" complexity="1" crap="1" count="49"/>
        <line num="34" type="stmt" count="49"/>
        <line num="37" type="stmt" count="49"/>
        <metrics loc="38" ncloc="26" classes="1" methods="1" coveredmethods="1" conditionals="0" coveredconditionals="0" statements="2" coveredstatements="2" elements="3" coveredelements="3"/>
      </file>
      <file name="/Users/ealen/Documents/Projets/Github/Cotama-API/app/Providers/FoyerServiceProvider.php">
        <class name="App\Providers\FoyerServiceProvider" namespace="App\Providers">
          <metrics complexity="2" methods="2" coveredmethods="2" conditionals="0" coveredconditionals="0" statements="4" coveredstatements="4" elements="6" coveredelements="6"/>
        </class>
        <line num="15" type="method" name="boot" visibility="public" complexity="1" crap="1" count="49"/>
        <line num="18" type="stmt" count="49"/>
        <line num="25" type="method" name="register" visibility="public" complexity="1" crap="1" count="49"/>
        <line num="29" type="stmt" count="26"/>
        <line num="30" type="stmt" count="49"/>
        <line num="31" type="stmt" count="49"/>
        <metrics loc="32" ncloc="20" classes="1" methods="2" coveredmethods="2" conditionals="0" coveredconditionals="0" statements="4" coveredstatements="4" elements="6" coveredelements="6"/>
      </file>
      <file name="/Users/ealen/Documents/Projets/Github/Cotama-API/app/Providers/HouseworkServiceProvider.php">
        <class name="App\Providers\HouseworkServiceProvider" namespace="App\Providers">
          <metrics complexity="2" methods="2" coveredmethods="1" conditionals="0" coveredconditionals="0" statements="4" coveredstatements="3" elements="6" coveredelements="4"/>
        </class>
        <line num="15" type="method" name="boot" visibility="public" complexity="1" crap="1" count="49"/>
        <line num="18" type="stmt" count="49"/>
        <line num="25" type="method" name="register" visibility="public" complexity="1" crap="1.04" count="49"/>
        <line num="29" type="stmt" count="0"/>
        <line num="30" type="stmt" count="49"/>
        <line num="31" type="stmt" count="49"/>
        <metrics loc="32" ncloc="20" classes="1" methods="2" coveredmethods="1" conditionals="0" coveredconditionals="0" statements="4" coveredstatements="3" elements="6" coveredelements="4"/>
      </file>
      <file name="/Users/ealen/Documents/Projets/Github/Cotama-API/app/Providers/MissionServiceProvider.php">
        <class name="App\Providers\MissionServiceProvider" namespace="App\Providers">
          <metrics complexity="2" methods="2" coveredmethods="2" conditionals="0" coveredconditionals="0" statements="4" coveredstatements="4" elements="6" coveredelements="6"/>
        </class>
        <line num="15" type="method" name="boot" visibility="public" complexity="1" crap="1" count="49"/>
        <line num="18" type="stmt" count="49"/>
        <line num="25" type="method" name="register" visibility="public" complexity="1" crap="1" count="49"/>
        <line num="29" type="stmt" count="3"/>
        <line num="30" type="stmt" count="49"/>
        <line num="31" type="stmt" count="49"/>
        <metrics loc="31" ncloc="19" classes="1" methods="2" coveredmethods="2" conditionals="0" coveredconditionals="0" statements="4" coveredstatements="4" elements="6" coveredelements="6"/>
      </file>
      <file name="/Users/ealen/Documents/Projets/Github/Cotama-API/app/Providers/PrefsServiceProvider.php">
        <class name="App\Providers\PrefsServiceProvider" namespace="App\Providers">
          <metrics complexity="2" methods="2" coveredmethods="2" conditionals="0" coveredconditionals="0" statements="4" coveredstatements="4" elements="6" coveredelements="6"/>
        </class>
        <line num="15" type="method" name="boot" visibility="public" complexity="1" crap="1" count="49"/>
        <line num="18" type="stmt" count="49"/>
        <line num="25" type="method" name="register" visibility="public" complexity="1" crap="1" count="49"/>
        <line num="29" type="stmt" count="3"/>
        <line num="30" type="stmt" count="49"/>
        <line num="31" type="stmt" count="49"/>
        <metrics loc="32" ncloc="20" classes="1" methods="2" coveredmethods="2" conditionals="0" coveredconditionals="0" statements="4" coveredstatements="4" elements="6" coveredelements="6"/>
      </file>
      <file name="/Users/ealen/Documents/Projets/Github/Cotama-API/app/Providers/RouteServiceProvider.php">
        <class name="App\Providers\RouteServiceProvider" namespace="App\Providers">
          <metrics complexity="7" methods="4" coveredmethods="1" conditionals="0" coveredconditionals="0" statements="27" coveredstatements="18" elements="31" coveredelements="19"/>
        </class>
        <line num="27" type="method" name="boot" visibility="public" complexity="1" crap="1" count="49"/>
        <line num="29" type="stmt" count="49"/>
        <line num="30" type="stmt" count="49"/>
        <line num="39" type="method" name="map" visibility="public" complexity="2" crap="2.35" count="49"/>
        <line num="41" type="stmt" count="49"/>
        <line num="43" type="stmt" count="49"/>
        <line num="44" type="stmt" count="0"/>
        <line num="46" type="stmt" count="0"/>
        <line num="47" type="stmt" count="0"/>
        <line num="48" type="stmt" count="0"/>
        <line num="50" type="stmt" count="49"/>
        <line num="51" type="stmt" count="49"/>
        <line num="53" type="stmt" count="49"/>
        <line num="62" type="method" name="mapWebRoutes" visibility="protected" complexity="2" crap="2.09" count="49"/>
        <line num="64" type="stmt" count="49"/>
        <line num="65" type="stmt" count="49"/>
        <line num="66" type="stmt" count="49"/>
        <line num="67" type="stmt" count="49"/>
        <line num="69" type="stmt" count="0"/>
        <line num="70" type="stmt" count="0"/>
        <line num="72" type="stmt" count="49"/>
        <line num="81" type="method" name="mapApiRoutes" visibility="protected" complexity="2" crap="2.15" count="49"/>
        <line num="83" type="stmt" count="49"/>
        <line num="84" type="stmt" count="49"/>
        <line num="85" type="stmt" count="49"/>
        <line num="86" type="stmt" count="49"/>
        <line num="87" type="stmt" count="49"/>
        <line num="89" type="stmt" count="0"/>
        <line num="90" type="stmt" count="0"/>
        <line num="91" type="stmt" count="0"/>
        <line num="93" type="stmt" count="49"/>
        <metrics loc="94" ncloc="61" classes="1" methods="4" coveredmethods="1" conditionals="0" coveredconditionals="0" statements="27" coveredstatements="18" elements="31" coveredelements="19"/>
      </file>
    </package>
    <package name="App\Services">
      <file name="/Users/ealen/Documents/Projets/Github/Cotama-API/app/Services/ActivityService.php">
        <class name="App\Services\ActivityService" namespace="App\Services">
          <metrics complexity="1" methods="1" coveredmethods="0" conditionals="0" coveredconditionals="0" statements="5" coveredstatements="0" elements="6" coveredelements="0"/>
        </class>
        <line num="14" type="method" name="getAll" visibility="public" complexity="1" crap="2.00" count="0"/>
        <line num="16" type="stmt" count="0"/>
        <line num="17" type="stmt" count="0"/>
        <line num="18" type="stmt" count="0"/>
        <line num="19" type="stmt" count="0"/>
        <line num="21" type="stmt" count="0"/>
        <metrics loc="24" ncloc="20" classes="1" methods="1" coveredmethods="0" conditionals="0" coveredconditionals="0" statements="5" coveredstatements="0" elements="6" coveredelements="0"/>
      </file>
      <file name="/Users/ealen/Documents/Projets/Github/Cotama-API/app/Services/FoyerService.php">
        <class name="App\Services\FoyerService" namespace="App\Services">
          <metrics complexity="17" methods="7" coveredmethods="6" conditionals="0" coveredconditionals="0" statements="37" coveredstatements="36" elements="44" coveredelements="42"/>
        </class>
        <line num="18" type="method" name="create" visibility="public" complexity="1" crap="1" count="22"/>
        <line num="20" type="stmt" count="22"/>
        <line num="21" type="stmt" count="22"/>
        <line num="22" type="stmt" count="22"/>
        <line num="24" type="stmt" count="22"/>
        <line num="25" type="stmt" count="22"/>
        <line num="35" type="method" name="addUser" visibility="public" complexity="3" crap="3.04" count="25"/>
        <line num="37" type="stmt" count="25"/>
        <line num="39" type="stmt" count="25"/>
        <line num="40" type="stmt" count="25"/>
        <line num="41" type="stmt" count="10"/>
        <line num="43" type="stmt" count="25"/>
        <line num="45" type="stmt" count="0"/>
        <line num="54" type="method" name="isInFoyer" visibility="public" complexity="3" crap="3" count="26"/>
        <line num="55" type="stmt" count="26"/>
        <line num="56" type="stmt" count="26"/>
        <line num="58" type="stmt" count="26"/>
        <line num="59" type="stmt" count="15"/>
        <line num="60" type="stmt" count="10"/>
        <line num="61" type="stmt" count="15"/>
        <line num="65" type="stmt" count="26"/>
        <line num="74" type="method" name="isFriend" visibility="public" complexity="4" crap="4" count="3"/>
        <line num="76" type="stmt" count="3"/>
        <line num="77" type="stmt" count="2"/>
        <line num="78" type="stmt" count="2"/>
        <line num="79" type="stmt" count="2"/>
        <line num="84" type="stmt" count="2"/>
        <line num="93" type="method" name="isAdmin" visibility="public" complexity="2" crap="2" count="8"/>
        <line num="96" type="stmt" count="8"/>
        <line num="97" type="stmt" count="8"/>
        <line num="98" type="stmt" count="8"/>
        <line num="99" type="stmt" count="8"/>
        <line num="101" type="stmt" count="8"/>
        <line num="110" type="method" name="deleteUser" visibility="public" complexity="2" crap="2" count="6"/>
        <line num="112" type="stmt" count="6"/>
        <line num="113" type="stmt" count="5"/>
        <line num="114" type="stmt" count="5"/>
        <line num="115" type="stmt" count="5"/>
        <line num="117" type="stmt" count="2"/>
        <line num="125" type="method" name="deleteFoyer" visibility="public" complexity="2" crap="2" count="2"/>
        <line num="127" type="stmt" count="2"/>
        <line num="128" type="stmt" count="2"/>
        <line num="130" type="stmt" count="2"/>
        <line num="131" type="stmt" count="2"/>
        <metrics loc="132" ncloc="90" classes="1" methods="7" coveredmethods="6" conditionals="0" coveredconditionals="0" statements="37" coveredstatements="36" elements="44" coveredelements="42"/>
      </file>
      <file name="/Users/ealen/Documents/Projets/Github/Cotama-API/app/Services/HouseworkService.php">
        <class name="App\Services\HouseworkService" namespace="App\Services">
          <metrics complexity="1" methods="1" coveredmethods="0" conditionals="0" coveredconditionals="0" statements="3" coveredstatements="0" elements="4" coveredelements="0"/>
        </class>
        <line num="15" type="method" name="updateState" visibility="public" complexity="1" crap="2.00" count="0"/>
        <line num="16" type="stmt" count="0"/>
        <line num="17" type="stmt" count="0"/>
        <line num="18" type="stmt" count="0"/>
        <metrics loc="18" ncloc="14" classes="1" methods="1" coveredmethods="0" conditionals="0" coveredconditionals="0" statements="3" coveredstatements="0" elements="4" coveredelements="0"/>
      </file>
      <file name="/Users/ealen/Documents/Projets/Github/Cotama-API/app/Services/MissionService.php">
        <class name="App\Services\MissionService" namespace="App\Services">
          <metrics complexity="17" methods="8" coveredmethods="5" conditionals="0" coveredconditionals="0" statements="53" coveredstatements="24" elements="61" coveredelements="29"/>
        </class>
        <line num="23" type="method" name="create" visibility="public" complexity="2" crap="2" count="4"/>
        <line num="24" type="stmt" count="4"/>
        <line num="25" type="stmt" count="4"/>
        <line num="26" type="stmt" count="4"/>
        <line num="27" type="stmt" count="4"/>
        <line num="29" type="stmt" count="4"/>
        <line num="31" type="stmt" count="4"/>
        <line num="32" type="stmt" count="4"/>
        <line num="33" type="stmt" count="4"/>
        <line num="35" type="stmt" count="4"/>
        <line num="36" type="stmt" count="4"/>
        <line num="43" type="method" name="assignHouseworkToUser" visibility="public" complexity="2" crap="2.01" count="1"/>
        <line num="44" type="stmt" count="1"/>
        <line num="45" type="stmt" count="1"/>
        <line num="46" type="stmt" count="1"/>
        <line num="51" type="stmt" count="1"/>
        <line num="52" type="stmt" count="1"/>
        <line num="53" type="stmt" count="0"/>
        <line num="57" type="stmt" count="1"/>
        <line num="58" type="stmt" count="1"/>
        <line num="65" type="method" name="getMissionById" visibility="public" complexity="1" crap="1" count="2"/>
        <line num="66" type="stmt" count="2"/>
        <line num="74" type="method" name="getMissions" visibility="public" complexity="1" crap="1" count="2"/>
        <line num="75" type="stmt" count="2"/>
        <line num="83" type="method" name="getMissionsByUserId" visibility="public" complexity="1" crap="2.00" count="0"/>
        <line num="84" type="stmt" count="0"/>
        <line num="85" type="stmt" count="0"/>
        <line num="86" type="stmt" count="0"/>
        <line num="94" type="method" name="delete" visibility="public" complexity="1" crap="1" count="1"/>
        <line num="95" type="stmt" count="1"/>
        <line num="96" type="stmt" count="1"/>
        <line num="97" type="stmt" count="1"/>
        <line num="98" type="stmt" count="1"/>
        <line num="106" type="method" name="canDelete" visibility="public" complexity="2" crap="2" count="1"/>
        <line num="107" type="stmt" count="1"/>
        <line num="114" type="method" name="updateState" visibility="public" complexity="7" crap="56.00" count="0"/>
        <line num="115" type="stmt" count="0"/>
        <line num="116" type="stmt" count="0"/>
        <line num="117" type="stmt" count="0"/>
        <line num="119" type="stmt" count="0"/>
        <line num="120" type="stmt" count="0"/>
        <line num="121" type="stmt" count="0"/>
        <line num="122" type="stmt" count="0"/>
        <line num="123" type="stmt" count="0"/>
        <line num="124" type="stmt" count="0"/>
        <line num="125" type="stmt" count="0"/>
        <line num="126" type="stmt" count="0"/>
        <line num="128" type="stmt" count="0"/>
        <line num="129" type="stmt" count="0"/>
        <line num="132" type="stmt" count="0"/>
        <line num="133" type="stmt" count="0"/>
        <line num="134" type="stmt" count="0"/>
        <line num="135" type="stmt" count="0"/>
        <line num="136" type="stmt" count="0"/>
        <line num="138" type="stmt" count="0"/>
        <line num="140" type="stmt" count="0"/>
        <line num="141" type="stmt" count="0"/>
        <line num="142" type="stmt" count="0"/>
        <line num="143" type="stmt" count="0"/>
        <line num="144" type="stmt" count="0"/>
        <line num="146" type="stmt" count="0"/>
        <metrics loc="147" ncloc="99" classes="1" methods="8" coveredmethods="5" conditionals="0" coveredconditionals="0" statements="53" coveredstatements="24" elements="61" coveredelements="29"/>
      </file>
      <file name="/Users/ealen/Documents/Projets/Github/Cotama-API/app/Services/PrefsService.php">
        <class name="App\Services\PrefsService" namespace="App\Services">
          <metrics complexity="5" methods="3" coveredmethods="3" conditionals="0" coveredconditionals="0" statements="19" coveredstatements="19" elements="22" coveredelements="22"/>
        </class>
        <line num="17" type="method" name="get" visibility="public" complexity="2" crap="2" count="7"/>
        <line num="19" type="stmt" count="7"/>
        <line num="20" type="stmt" count="7"/>
        <line num="21" type="stmt" count="7"/>
        <line num="23" type="stmt" count="7"/>
        <line num="24" type="stmt" count="7"/>
        <line num="25" type="stmt" count="7"/>
        <line num="26" type="stmt" count="7"/>
        <line num="27" type="stmt" count="7"/>
        <line num="28" type="stmt" count="7"/>
        <line num="31" type="stmt" count="7"/>
        <line num="38" type="method" name="getAll" visibility="public" complexity="2" crap="2" count="3"/>
        <line num="40" type="stmt" count="3"/>
        <line num="41" type="stmt" count="3"/>
        <line num="43" type="stmt" count="3"/>
        <line num="44" type="stmt" count="3"/>
        <line num="47" type="stmt" count="3"/>
        <line num="56" type="method" name="update" visibility="public" complexity="1" crap="1" count="2"/>
        <line num="58" type="stmt" count="2"/>
        <line num="59" type="stmt" count="2"/>
        <line num="60" type="stmt" count="2"/>
        <line num="61" type="stmt" count="2"/>
        <metrics loc="64" ncloc="49" classes="1" methods="3" coveredmethods="3" conditionals="0" coveredconditionals="0" statements="19" coveredstatements="19" elements="22" coveredelements="22"/>
      </file>
    </package>
    <package name="App">
      <file name="/Users/ealen/Documents/Projets/Github/Cotama-API/app/User.php">
        <class name="App\User" namespace="App">
          <metrics complexity="3" methods="3" coveredmethods="1" conditionals="0" coveredconditionals="0" statements="3" coveredstatements="1" elements="6" coveredelements="2"/>
        </class>
        <line num="31" type="method" name="foyers" visibility="public" complexity="1" crap="1" count="5"/>
        <line num="33" type="stmt" count="5"/>
        <line num="36" type="method" name="prefs" visibility="public" complexity="1" crap="2.00" count="0"/>
        <line num="38" type="stmt" count="0"/>
        <line num="41" type="method" name="missions" visibility="public" complexity="1" crap="2.00" count="0"/>
        <line num="43" type="stmt" count="0"/>
        <metrics loc="45" ncloc="35" classes="1" methods="3" coveredmethods="1" conditionals="0" coveredconditionals="0" statements="3" coveredstatements="1" elements="6" coveredelements="2"/>
      </file>
    </package>
    <metrics files="71" loc="3003" ncloc="2043" classes="56" methods="152" coveredmethods="105" conditionals="0" coveredconditionals="0" statements="462" coveredstatements="329" elements="614" coveredelements="434"/>
  </project>
</coverage>
